[ 2019-11-18T14:15:19+08:00 ] 127.0.0.1 /
INFO: [ app_init ] --START--
INFO: Run Behavior\BuildLiteBehavior [ RunTime:0.000000s ]
INFO: [ app_init ] --END-- [ RunTime:0.000000s ]
INFO: [ app_begin ] --START--
INFO: Run Behavior\ReadHtmlCacheBehavior [ RunTime:0.001000s ]
INFO: [ app_begin ] --END-- [ RunTime:0.001000s ]
INFO: [ view_parse ] --START--
INFO: [ template_filter ] --START--
INFO: Run Behavior\ContentReplaceBehavior [ RunTime:0.033002s ]
INFO: [ template_filter ] --END-- [ RunTime:0.033002s ]
INFO: Run Behavior\ParseTemplateBehavior [ RunTime:0.040003s ]
INFO: [ view_parse ] --END-- [ RunTime:0.040003s ]
INFO: [ view_filter ] --START--
INFO: Run Behavior\WriteHtmlCacheBehavior [ RunTime:0.000000s ]
INFO: [ view_filter ] --END-- [ RunTime:0.000000s ]
INFO: [ app_end ] --START--
INFO: Run Behavior\ShowPageTraceBehavior [ RunTime:0.000000s ]
INFO: [ app_end ] --END-- [ RunTime:0.001000s ]

[ 2019-11-18T14:17:38+08:00 ] 127.0.0.1 /
INFO: [ app_init ] --START--
INFO: Run Behavior\BuildLiteBehavior [ RunTime:0.000000s ]
INFO: [ app_init ] --END-- [ RunTime:0.001000s ]
INFO: [ app_begin ] --START--
INFO: Run Behavior\ReadHtmlCacheBehavior [ RunTime:0.000000s ]
INFO: [ app_begin ] --END-- [ RunTime:0.000000s ]
INFO: [ view_parse ] --START--
INFO: [ template_filter ] --START--
INFO: Run Behavior\ContentReplaceBehavior [ RunTime:0.000000s ]
INFO: [ template_filter ] --END-- [ RunTime:0.000000s ]
INFO: Run Behavior\ParseTemplateBehavior [ RunTime:0.007000s ]
INFO: [ view_parse ] --END-- [ RunTime:0.007000s ]
INFO: [ view_filter ] --START--
INFO: Run Behavior\WriteHtmlCacheBehavior [ RunTime:0.001000s ]
INFO: [ view_filter ] --END-- [ RunTime:0.001000s ]
INFO: [ app_end ] --START--
INFO: Run Behavior\ShowPageTraceBehavior [ RunTime:0.001001s ]
INFO: [ app_end ] --END-- [ RunTime:0.001001s ]

[ 2019-11-18T14:20:58+08:00 ] 127.0.0.1 /
INFO: [ app_init ] --START--
INFO: Run Behavior\BuildLiteBehavior [ RunTime:0.000000s ]
INFO: [ app_init ] --END-- [ RunTime:0.000000s ]
INFO: [ app_begin ] --START--
INFO: Run Behavior\ReadHtmlCacheBehavior [ RunTime:0.001000s ]
INFO: [ app_begin ] --END-- [ RunTime:0.001000s ]
INFO: [ view_parse ] --START--
INFO: [ template_filter ] --START--
INFO: Run Behavior\ContentReplaceBehavior [ RunTime:0.000000s ]
INFO: [ template_filter ] --END-- [ RunTime:0.000000s ]
INFO: Run Behavior\ParseTemplateBehavior [ RunTime:0.006001s ]
INFO: [ view_parse ] --END-- [ RunTime:0.006001s ]
INFO: [ view_filter ] --START--
INFO: Run Behavior\WriteHtmlCacheBehavior [ RunTime:0.001000s ]
INFO: [ view_filter ] --END-- [ RunTime:0.001000s ]
INFO: [ app_end ] --START--
INFO: Run Behavior\ShowPageTraceBehavior [ RunTime:0.000000s ]
INFO: [ app_end ] --END-- [ RunTime:0.000000s ]

[ 2019-11-18T14:21:18+08:00 ] 127.0.0.1 /index.php/Home/Login/login
INFO: [ app_init ] --START--
INFO: Run Behavior\BuildLiteBehavior [ RunTime:0.000000s ]
INFO: [ app_init ] --END-- [ RunTime:0.000000s ]
INFO: [ app_begin ] --START--
INFO: Run Behavior\ReadHtmlCacheBehavior [ RunTime:0.001000s ]
INFO: [ app_begin ] --END-- [ RunTime:0.001000s ]
INFO: [ view_parse ] --START--
INFO: [ template_filter ] --START--
INFO: Run Behavior\ContentReplaceBehavior [ RunTime:0.107006s ]
INFO: [ template_filter ] --END-- [ RunTime:0.107006s ]
INFO: Run Behavior\ParseTemplateBehavior [ RunTime:0.112007s ]
INFO: [ view_parse ] --END-- [ RunTime:0.112007s ]
INFO: [ view_filter ] --START--
INFO: Run Behavior\WriteHtmlCacheBehavior [ RunTime:0.001000s ]
INFO: [ view_filter ] --END-- [ RunTime:0.001000s ]
INFO: [ app_end ] --START--
INFO: Run Behavior\ShowPageTraceBehavior [ RunTime:0.000000s ]
INFO: [ app_end ] --END-- [ RunTime:0.000000s ]

[ 2019-11-18T14:21:26+08:00 ] 127.0.0.1 /index.php/Home/Login/register
INFO: [ app_init ] --START--
INFO: Run Behavior\BuildLiteBehavior [ RunTime:0.000000s ]
INFO: [ app_init ] --END-- [ RunTime:0.001000s ]
INFO: [ app_begin ] --START--
INFO: Run Behavior\ReadHtmlCacheBehavior [ RunTime:0.000000s ]
INFO: [ app_begin ] --END-- [ RunTime:0.000000s ]
INFO: [ view_parse ] --START--
INFO: [ template_filter ] --START--
INFO: Run Behavior\ContentReplaceBehavior [ RunTime:0.001000s ]
INFO: [ template_filter ] --END-- [ RunTime:0.001000s ]
NOTIC: [8] Undefined variable: data D:\code\five\Application\Runtime\Cache\Home\524a08806bc29449645d93a7a8f8e680.php 第 55 行.
NOTIC: [8] Undefined variable: errors D:\code\five\Application\Runtime\Cache\Home\524a08806bc29449645d93a7a8f8e680.php 第 57 行.
NOTIC: [8] Undefined variable: data D:\code\five\Application\Runtime\Cache\Home\524a08806bc29449645d93a7a8f8e680.php 第 59 行.
NOTIC: [8] Undefined variable: errors D:\code\five\Application\Runtime\Cache\Home\524a08806bc29449645d93a7a8f8e680.php 第 61 行.
NOTIC: [8] Undefined variable: data D:\code\five\Application\Runtime\Cache\Home\524a08806bc29449645d93a7a8f8e680.php 第 63 行.
NOTIC: [8] Undefined variable: errors D:\code\five\Application\Runtime\Cache\Home\524a08806bc29449645d93a7a8f8e680.php 第 65 行.
NOTIC: [8] Undefined variable: errors D:\code\five\Application\Runtime\Cache\Home\524a08806bc29449645d93a7a8f8e680.php 第 69 行.
ERR: Call to undefined function token()

[ 2019-11-18T14:23:41+08:00 ] 127.0.0.1 /Home/Login/register
INFO: [ app_init ] --START--
INFO: Run Behavior\BuildLiteBehavior [ RunTime:0.000000s ]
INFO: [ app_init ] --END-- [ RunTime:0.000000s ]
INFO: [ app_begin ] --START--
INFO: Run Behavior\ReadHtmlCacheBehavior [ RunTime:0.001000s ]
INFO: [ app_begin ] --END-- [ RunTime:0.001000s ]
INFO: [ view_parse ] --START--
INFO: [ template_filter ] --START--
INFO: Run Behavior\ContentReplaceBehavior [ RunTime:0.000000s ]
INFO: [ template_filter ] --END-- [ RunTime:0.001000s ]
NOTIC: [8] Undefined variable: data D:\code\five\Application\Runtime\Cache\Home\524a08806bc29449645d93a7a8f8e680.php 第 55 行.
NOTIC: [8] Undefined variable: errors D:\code\five\Application\Runtime\Cache\Home\524a08806bc29449645d93a7a8f8e680.php 第 57 行.
NOTIC: [8] Undefined variable: data D:\code\five\Application\Runtime\Cache\Home\524a08806bc29449645d93a7a8f8e680.php 第 59 行.
NOTIC: [8] Undefined variable: errors D:\code\five\Application\Runtime\Cache\Home\524a08806bc29449645d93a7a8f8e680.php 第 61 行.
NOTIC: [8] Undefined variable: data D:\code\five\Application\Runtime\Cache\Home\524a08806bc29449645d93a7a8f8e680.php 第 63 行.
NOTIC: [8] Undefined variable: errors D:\code\five\Application\Runtime\Cache\Home\524a08806bc29449645d93a7a8f8e680.php 第 65 行.
NOTIC: [8] Undefined variable: errors D:\code\five\Application\Runtime\Cache\Home\524a08806bc29449645d93a7a8f8e680.php 第 69 行.
ERR: Call to undefined function token()

[ 2019-11-18T14:23:42+08:00 ] 127.0.0.1 /Home/Login/register
INFO: [ app_init ] --START--
INFO: Run Behavior\BuildLiteBehavior [ RunTime:0.000000s ]
INFO: [ app_init ] --END-- [ RunTime:0.000000s ]
INFO: [ app_begin ] --START--
INFO: Run Behavior\ReadHtmlCacheBehavior [ RunTime:0.000000s ]
INFO: [ app_begin ] --END-- [ RunTime:0.000000s ]
INFO: [ view_parse ] --START--
INFO: [ template_filter ] --START--
INFO: Run Behavior\ContentReplaceBehavior [ RunTime:0.000000s ]
INFO: [ template_filter ] --END-- [ RunTime:0.000000s ]
NOTIC: [8] Undefined variable: data D:\code\five\Application\Runtime\Cache\Home\524a08806bc29449645d93a7a8f8e680.php 第 55 行.
NOTIC: [8] Undefined variable: errors D:\code\five\Application\Runtime\Cache\Home\524a08806bc29449645d93a7a8f8e680.php 第 57 行.
NOTIC: [8] Undefined variable: data D:\code\five\Application\Runtime\Cache\Home\524a08806bc29449645d93a7a8f8e680.php 第 59 行.
NOTIC: [8] Undefined variable: errors D:\code\five\Application\Runtime\Cache\Home\524a08806bc29449645d93a7a8f8e680.php 第 61 行.
NOTIC: [8] Undefined variable: data D:\code\five\Application\Runtime\Cache\Home\524a08806bc29449645d93a7a8f8e680.php 第 63 行.
NOTIC: [8] Undefined variable: errors D:\code\five\Application\Runtime\Cache\Home\524a08806bc29449645d93a7a8f8e680.php 第 65 行.
NOTIC: [8] Undefined variable: errors D:\code\five\Application\Runtime\Cache\Home\524a08806bc29449645d93a7a8f8e680.php 第 69 行.
ERR: Call to undefined function token()

[ 2019-11-18T14:23:42+08:00 ] 127.0.0.1 /Home/Login/register
INFO: [ app_init ] --START--
INFO: Run Behavior\BuildLiteBehavior [ RunTime:0.000000s ]
INFO: [ app_init ] --END-- [ RunTime:0.001000s ]
INFO: [ app_begin ] --START--
INFO: Run Behavior\ReadHtmlCacheBehavior [ RunTime:0.000000s ]
INFO: [ app_begin ] --END-- [ RunTime:0.000000s ]
INFO: [ view_parse ] --START--
INFO: [ template_filter ] --START--
INFO: Run Behavior\ContentReplaceBehavior [ RunTime:0.000000s ]
INFO: [ template_filter ] --END-- [ RunTime:0.000000s ]
NOTIC: [8] Undefined variable: data D:\code\five\Application\Runtime\Cache\Home\524a08806bc29449645d93a7a8f8e680.php 第 55 行.
NOTIC: [8] Undefined variable: errors D:\code\five\Application\Runtime\Cache\Home\524a08806bc29449645d93a7a8f8e680.php 第 57 行.
NOTIC: [8] Undefined variable: data D:\code\five\Application\Runtime\Cache\Home\524a08806bc29449645d93a7a8f8e680.php 第 59 行.
NOTIC: [8] Undefined variable: errors D:\code\five\Application\Runtime\Cache\Home\524a08806bc29449645d93a7a8f8e680.php 第 61 行.
NOTIC: [8] Undefined variable: data D:\code\five\Application\Runtime\Cache\Home\524a08806bc29449645d93a7a8f8e680.php 第 63 行.
NOTIC: [8] Undefined variable: errors D:\code\five\Application\Runtime\Cache\Home\524a08806bc29449645d93a7a8f8e680.php 第 65 行.
NOTIC: [8] Undefined variable: errors D:\code\five\Application\Runtime\Cache\Home\524a08806bc29449645d93a7a8f8e680.php 第 69 行.
ERR: Call to undefined function token()

[ 2019-11-18T14:23:43+08:00 ] 127.0.0.1 /Home/Login/register
INFO: [ app_init ] --START--
INFO: Run Behavior\BuildLiteBehavior [ RunTime:0.000000s ]
INFO: [ app_init ] --END-- [ RunTime:0.001000s ]
INFO: [ app_begin ] --START--
INFO: Run Behavior\ReadHtmlCacheBehavior [ RunTime:0.001000s ]
INFO: [ app_begin ] --END-- [ RunTime:0.001000s ]
INFO: [ view_parse ] --START--
INFO: [ template_filter ] --START--
INFO: Run Behavior\ContentReplaceBehavior [ RunTime:0.000000s ]
INFO: [ template_filter ] --END-- [ RunTime:0.000000s ]
NOTIC: [8] Undefined variable: data D:\code\five\Application\Runtime\Cache\Home\524a08806bc29449645d93a7a8f8e680.php 第 55 行.
NOTIC: [8] Undefined variable: errors D:\code\five\Application\Runtime\Cache\Home\524a08806bc29449645d93a7a8f8e680.php 第 57 行.
NOTIC: [8] Undefined variable: data D:\code\five\Application\Runtime\Cache\Home\524a08806bc29449645d93a7a8f8e680.php 第 59 行.
NOTIC: [8] Undefined variable: errors D:\code\five\Application\Runtime\Cache\Home\524a08806bc29449645d93a7a8f8e680.php 第 61 行.
NOTIC: [8] Undefined variable: data D:\code\five\Application\Runtime\Cache\Home\524a08806bc29449645d93a7a8f8e680.php 第 63 行.
NOTIC: [8] Undefined variable: errors D:\code\five\Application\Runtime\Cache\Home\524a08806bc29449645d93a7a8f8e680.php 第 65 行.
NOTIC: [8] Undefined variable: errors D:\code\five\Application\Runtime\Cache\Home\524a08806bc29449645d93a7a8f8e680.php 第 69 行.
ERR: Call to undefined function token()

[ 2019-11-18T14:23:43+08:00 ] 127.0.0.1 /Home/Login/register
INFO: [ app_init ] --START--
INFO: Run Behavior\BuildLiteBehavior [ RunTime:0.000000s ]
INFO: [ app_init ] --END-- [ RunTime:0.001000s ]
INFO: [ app_begin ] --START--
INFO: Run Behavior\ReadHtmlCacheBehavior [ RunTime:0.001000s ]
INFO: [ app_begin ] --END-- [ RunTime:0.001000s ]
INFO: [ view_parse ] --START--
INFO: [ template_filter ] --START--
INFO: Run Behavior\ContentReplaceBehavior [ RunTime:0.000000s ]
INFO: [ template_filter ] --END-- [ RunTime:0.000000s ]
NOTIC: [8] Undefined variable: data D:\code\five\Application\Runtime\Cache\Home\524a08806bc29449645d93a7a8f8e680.php 第 55 行.
NOTIC: [8] Undefined variable: errors D:\code\five\Application\Runtime\Cache\Home\524a08806bc29449645d93a7a8f8e680.php 第 57 行.
NOTIC: [8] Undefined variable: data D:\code\five\Application\Runtime\Cache\Home\524a08806bc29449645d93a7a8f8e680.php 第 59 行.
NOTIC: [8] Undefined variable: errors D:\code\five\Application\Runtime\Cache\Home\524a08806bc29449645d93a7a8f8e680.php 第 61 行.
NOTIC: [8] Undefined variable: data D:\code\five\Application\Runtime\Cache\Home\524a08806bc29449645d93a7a8f8e680.php 第 63 行.
NOTIC: [8] Undefined variable: errors D:\code\five\Application\Runtime\Cache\Home\524a08806bc29449645d93a7a8f8e680.php 第 65 行.
NOTIC: [8] Undefined variable: errors D:\code\five\Application\Runtime\Cache\Home\524a08806bc29449645d93a7a8f8e680.php 第 69 行.
ERR: Call to undefined function token()

[ 2019-11-18T14:23:43+08:00 ] 127.0.0.1 /Home/Login/register
INFO: [ app_init ] --START--
INFO: Run Behavior\BuildLiteBehavior [ RunTime:0.000000s ]
INFO: [ app_init ] --END-- [ RunTime:0.000000s ]
INFO: [ app_begin ] --START--
INFO: Run Behavior\ReadHtmlCacheBehavior [ RunTime:0.001000s ]
INFO: [ app_begin ] --END-- [ RunTime:0.001000s ]
INFO: [ view_parse ] --START--
INFO: [ template_filter ] --START--
INFO: Run Behavior\ContentReplaceBehavior [ RunTime:0.000000s ]
INFO: [ template_filter ] --END-- [ RunTime:0.000000s ]
NOTIC: [8] Undefined variable: data D:\code\five\Application\Runtime\Cache\Home\524a08806bc29449645d93a7a8f8e680.php 第 55 行.
NOTIC: [8] Undefined variable: errors D:\code\five\Application\Runtime\Cache\Home\524a08806bc29449645d93a7a8f8e680.php 第 57 行.
NOTIC: [8] Undefined variable: data D:\code\five\Application\Runtime\Cache\Home\524a08806bc29449645d93a7a8f8e680.php 第 59 行.
NOTIC: [8] Undefined variable: errors D:\code\five\Application\Runtime\Cache\Home\524a08806bc29449645d93a7a8f8e680.php 第 61 行.
NOTIC: [8] Undefined variable: data D:\code\five\Application\Runtime\Cache\Home\524a08806bc29449645d93a7a8f8e680.php 第 63 行.
NOTIC: [8] Undefined variable: errors D:\code\five\Application\Runtime\Cache\Home\524a08806bc29449645d93a7a8f8e680.php 第 65 行.
NOTIC: [8] Undefined variable: errors D:\code\five\Application\Runtime\Cache\Home\524a08806bc29449645d93a7a8f8e680.php 第 69 行.
ERR: Call to undefined function token()

[ 2019-11-18T14:38:39+08:00 ] 127.0.0.1 /
INFO: [ app_init ] --START--
INFO: Run Behavior\BuildLiteBehavior [ RunTime:0.000000s ]
INFO: [ app_init ] --END-- [ RunTime:0.001000s ]
INFO: [ app_begin ] --START--
INFO: Run Behavior\ReadHtmlCacheBehavior [ RunTime:0.000000s ]
INFO: [ app_begin ] --END-- [ RunTime:0.000000s ]
INFO: [ view_parse ] --START--
INFO: [ template_filter ] --START--
INFO: Run Behavior\ContentReplaceBehavior [ RunTime:0.000000s ]
INFO: [ template_filter ] --END-- [ RunTime:0.000000s ]
INFO: Run Behavior\ParseTemplateBehavior [ RunTime:0.007000s ]
INFO: [ view_parse ] --END-- [ RunTime:0.007000s ]
INFO: [ view_filter ] --START--
INFO: Run Behavior\WriteHtmlCacheBehavior [ RunTime:0.000000s ]
INFO: [ view_filter ] --END-- [ RunTime:0.000000s ]
INFO: [ app_end ] --START--
INFO: Run Behavior\ShowPageTraceBehavior [ RunTime:0.001000s ]
INFO: [ app_end ] --END-- [ RunTime:0.001000s ]

[ 2019-11-18T14:43:42+08:00 ] 127.0.0.1 /
INFO: [ app_init ] --START--
INFO: Run Behavior\BuildLiteBehavior [ RunTime:0.000000s ]
INFO: [ app_init ] --END-- [ RunTime:0.000000s ]
INFO: [ app_begin ] --START--
INFO: Run Behavior\ReadHtmlCacheBehavior [ RunTime:0.000000s ]
INFO: [ app_begin ] --END-- [ RunTime:0.000000s ]
INFO: [ view_parse ] --START--
INFO: [ template_filter ] --START--
INFO: Run Behavior\ContentReplaceBehavior [ RunTime:0.000000s ]
INFO: [ template_filter ] --END-- [ RunTime:0.000000s ]
INFO: Run Behavior\ParseTemplateBehavior [ RunTime:0.006000s ]
INFO: [ view_parse ] --END-- [ RunTime:0.006000s ]
INFO: [ view_filter ] --START--
INFO: Run Behavior\WriteHtmlCacheBehavior [ RunTime:0.000000s ]
INFO: [ view_filter ] --END-- [ RunTime:0.000000s ]
INFO: [ app_end ] --START--
INFO: Run Behavior\ShowPageTraceBehavior [ RunTime:0.001000s ]
INFO: [ app_end ] --END-- [ RunTime:0.001000s ]

[ 2019-11-18T14:45:03+08:00 ] 127.0.0.1 /
INFO: [ app_init ] --START--
INFO: Run Behavior\BuildLiteBehavior [ RunTime:0.000000s ]
INFO: [ app_init ] --END-- [ RunTime:0.000000s ]
INFO: [ app_begin ] --START--
INFO: Run Behavior\ReadHtmlCacheBehavior [ RunTime:0.000000s ]
INFO: [ app_begin ] --END-- [ RunTime:0.000000s ]
INFO: [ view_parse ] --START--
INFO: [ template_filter ] --START--
INFO: Run Behavior\ContentReplaceBehavior [ RunTime:0.000000s ]
INFO: [ template_filter ] --END-- [ RunTime:0.000000s ]
INFO: Run Behavior\ParseTemplateBehavior [ RunTime:0.005001s ]
INFO: [ view_parse ] --END-- [ RunTime:0.005001s ]
INFO: [ view_filter ] --START--
INFO: Run Behavior\WriteHtmlCacheBehavior [ RunTime:0.000000s ]
INFO: [ view_filter ] --END-- [ RunTime:0.000000s ]
INFO: [ app_end ] --START--
INFO: Run Behavior\ShowPageTraceBehavior [ RunTime:0.000000s ]
INFO: [ app_end ] --END-- [ RunTime:0.001000s ]

[ 2019-11-18T14:45:19+08:00 ] 127.0.0.1 /Home/login/register
INFO: [ app_init ] --START--
INFO: Run Behavior\BuildLiteBehavior [ RunTime:0.000000s ]
INFO: [ app_init ] --END-- [ RunTime:0.001000s ]
INFO: [ app_begin ] --START--
INFO: Run Behavior\ReadHtmlCacheBehavior [ RunTime:0.001000s ]
INFO: [ app_begin ] --END-- [ RunTime:0.001000s ]
INFO: [ view_parse ] --START--
INFO: [ template_filter ] --START--
INFO: Run Behavior\ContentReplaceBehavior [ RunTime:0.000000s ]
INFO: [ template_filter ] --END-- [ RunTime:0.000000s ]
NOTIC: [8] Undefined variable: data D:\code\five\Application\Runtime\Cache\Home\524a08806bc29449645d93a7a8f8e680.php 第 55 行.
NOTIC: [8] Undefined variable: errors D:\code\five\Application\Runtime\Cache\Home\524a08806bc29449645d93a7a8f8e680.php 第 57 行.
NOTIC: [8] Undefined variable: data D:\code\five\Application\Runtime\Cache\Home\524a08806bc29449645d93a7a8f8e680.php 第 59 行.
NOTIC: [8] Undefined variable: errors D:\code\five\Application\Runtime\Cache\Home\524a08806bc29449645d93a7a8f8e680.php 第 61 行.
NOTIC: [8] Undefined variable: data D:\code\five\Application\Runtime\Cache\Home\524a08806bc29449645d93a7a8f8e680.php 第 63 行.
NOTIC: [8] Undefined variable: errors D:\code\five\Application\Runtime\Cache\Home\524a08806bc29449645d93a7a8f8e680.php 第 65 行.
NOTIC: [8] Undefined variable: errors D:\code\five\Application\Runtime\Cache\Home\524a08806bc29449645d93a7a8f8e680.php 第 69 行.
ERR: Call to undefined function token()

[ 2019-11-18T14:45:23+08:00 ] 127.0.0.1 /index.php/Home/login/login.html
INFO: [ app_init ] --START--
INFO: Run Behavior\BuildLiteBehavior [ RunTime:0.000000s ]
INFO: [ app_init ] --END-- [ RunTime:0.000000s ]
INFO: [ app_begin ] --START--
INFO: Run Behavior\ReadHtmlCacheBehavior [ RunTime:0.001000s ]
INFO: [ app_begin ] --END-- [ RunTime:0.001000s ]
INFO: [ view_parse ] --START--
INFO: [ template_filter ] --START--
INFO: Run Behavior\ContentReplaceBehavior [ RunTime:0.000000s ]
INFO: [ template_filter ] --END-- [ RunTime:0.000000s ]
INFO: Run Behavior\ParseTemplateBehavior [ RunTime:0.005000s ]
INFO: [ view_parse ] --END-- [ RunTime:0.005000s ]
INFO: [ view_filter ] --START--
INFO: Run Behavior\WriteHtmlCacheBehavior [ RunTime:0.000000s ]
INFO: [ view_filter ] --END-- [ RunTime:0.000000s ]
INFO: [ app_end ] --START--
INFO: Run Behavior\ShowPageTraceBehavior [ RunTime:0.001000s ]
INFO: [ app_end ] --END-- [ RunTime:0.001000s ]

[ 2019-11-18T14:45:24+08:00 ] 127.0.0.1 /index.php/Home/login/login.html?
INFO: [ app_init ] --START--
INFO: Run Behavior\BuildLiteBehavior [ RunTime:0.000000s ]
INFO: [ app_init ] --END-- [ RunTime:0.000000s ]
INFO: [ app_begin ] --START--
INFO: Run Behavior\ReadHtmlCacheBehavior [ RunTime:0.000000s ]
INFO: [ app_begin ] --END-- [ RunTime:0.000000s ]
INFO: [ view_parse ] --START--
INFO: [ template_filter ] --START--
INFO: Run Behavior\ContentReplaceBehavior [ RunTime:0.000000s ]
INFO: [ template_filter ] --END-- [ RunTime:0.000000s ]
INFO: Run Behavior\ParseTemplateBehavior [ RunTime:0.003000s ]
INFO: [ view_parse ] --END-- [ RunTime:0.003000s ]
INFO: [ view_filter ] --START--
INFO: Run Behavior\WriteHtmlCacheBehavior [ RunTime:0.000000s ]
INFO: [ view_filter ] --END-- [ RunTime:0.000000s ]
INFO: [ app_end ] --START--
INFO: Run Behavior\ShowPageTraceBehavior [ RunTime:0.000000s ]
INFO: [ app_end ] --END-- [ RunTime:0.000000s ]

[ 2019-11-18T14:45:25+08:00 ] 127.0.0.1 /index.php/Home/login/login.html?
INFO: [ app_init ] --START--
INFO: Run Behavior\BuildLiteBehavior [ RunTime:0.000000s ]
INFO: [ app_init ] --END-- [ RunTime:0.000000s ]
INFO: [ app_begin ] --START--
INFO: Run Behavior\ReadHtmlCacheBehavior [ RunTime:0.000000s ]
INFO: [ app_begin ] --END-- [ RunTime:0.000000s ]
INFO: [ view_parse ] --START--
INFO: [ template_filter ] --START--
INFO: Run Behavior\ContentReplaceBehavior [ RunTime:0.000000s ]
INFO: [ template_filter ] --END-- [ RunTime:0.000000s ]
INFO: Run Behavior\ParseTemplateBehavior [ RunTime:0.003000s ]
INFO: [ view_parse ] --END-- [ RunTime:0.003000s ]
INFO: [ view_filter ] --START--
INFO: Run Behavior\WriteHtmlCacheBehavior [ RunTime:0.000000s ]
INFO: [ view_filter ] --END-- [ RunTime:0.000000s ]
INFO: [ app_end ] --START--
INFO: Run Behavior\ShowPageTraceBehavior [ RunTime:0.001000s ]
INFO: [ app_end ] --END-- [ RunTime:0.001000s ]

[ 2019-11-18T14:45:26+08:00 ] 127.0.0.1 /index.php/Home/login/login.html?
INFO: [ app_init ] --START--
INFO: Run Behavior\BuildLiteBehavior [ RunTime:0.000000s ]
INFO: [ app_init ] --END-- [ RunTime:0.000000s ]
INFO: [ app_begin ] --START--
INFO: Run Behavior\ReadHtmlCacheBehavior [ RunTime:0.000000s ]
INFO: [ app_begin ] --END-- [ RunTime:0.000000s ]
INFO: [ view_parse ] --START--
INFO: [ template_filter ] --START--
INFO: Run Behavior\ContentReplaceBehavior [ RunTime:0.000000s ]
INFO: [ template_filter ] --END-- [ RunTime:0.000000s ]
INFO: Run Behavior\ParseTemplateBehavior [ RunTime:0.003000s ]
INFO: [ view_parse ] --END-- [ RunTime:0.004000s ]
INFO: [ view_filter ] --START--
INFO: Run Behavior\WriteHtmlCacheBehavior [ RunTime:0.000000s ]
INFO: [ view_filter ] --END-- [ RunTime:0.000000s ]
INFO: [ app_end ] --START--
INFO: Run Behavior\ShowPageTraceBehavior [ RunTime:0.000000s ]
INFO: [ app_end ] --END-- [ RunTime:0.000000s ]

[ 2019-11-18T14:45:38+08:00 ] 127.0.0.1 /index.php/Home/login/login.html?
INFO: [ app_init ] --START--
INFO: Run Behavior\BuildLiteBehavior [ RunTime:0.000000s ]
INFO: [ app_init ] --END-- [ RunTime:0.001000s ]
INFO: [ app_begin ] --START--
INFO: Run Behavior\ReadHtmlCacheBehavior [ RunTime:0.000000s ]
INFO: [ app_begin ] --END-- [ RunTime:0.000000s ]
INFO: [ view_parse ] --START--
INFO: [ template_filter ] --START--
INFO: Run Behavior\ContentReplaceBehavior [ RunTime:0.000000s ]
INFO: [ template_filter ] --END-- [ RunTime:0.000000s ]
INFO: Run Behavior\ParseTemplateBehavior [ RunTime:0.004000s ]
INFO: [ view_parse ] --END-- [ RunTime:0.004000s ]
INFO: [ view_filter ] --START--
INFO: Run Behavior\WriteHtmlCacheBehavior [ RunTime:0.000000s ]
INFO: [ view_filter ] --END-- [ RunTime:0.000000s ]
INFO: [ app_end ] --START--
INFO: Run Behavior\ShowPageTraceBehavior [ RunTime:0.001000s ]
INFO: [ app_end ] --END-- [ RunTime:0.001000s ]

